<?xml version="1.0" encoding="UTF-8"?>
<!-- Generated by org.testng.reporters.JUnitReportReporter -->
<testsuite hostname="Haris-MacBook-Pro.local" failures="0" tests="14" name="com.format.TestFormatter" time="0.028" errors="0" timestamp="2022-10-09T13:31:20 PDT" skipped="0">
  <testcase classname="com.format.TestFormatter" name="testMarkDownHTML" time="0.025"/>
  <system-out/>
  <testcase classname="com.format.TestFormatter" name="testMarkDownHeaderTagWithEmptyStr" time="0.000"/>
  <system-out/>
  <testcase classname="com.format.TestFormatter" name="testMarkDownHTML1" time="0.002"/>
  <system-out/>
  <testcase classname="com.format.TestFormatter" name="testMarkDownHeaderTagWithLinkText" time="0.000"/>
  <system-out/>
  <testcase classname="com.format.TestFormatter" name="testMarkDownParagraphTagWithLinkText" time="0.000"/>
  <system-out/>
  <testcase classname="com.format.TestFormatter" name="testMarkDownHTMLWithInvalidFilePath1" time="0.000"/>
  <system-out/>
  <testcase classname="com.format.TestFormatter" name="testMarkDownParagraphTagWithValidStr" time="0.000"/>
  <system-out/>
  <testcase classname="com.format.TestFormatter" name="testMarkDownWithValidStr" time="0.000"/>
  <system-out/>
  <testcase classname="com.format.TestFormatter" name="testMarkDownLinkTagWithValidStr" time="0.000"/>
  <system-out/>
  <testcase classname="com.format.TestFormatter" name="testMarkDownWithEmptyStr" time="0.000"/>
  <system-out/>
  <testcase classname="com.format.TestFormatter" name="testMarkDownHeaderTagWithValidStr" time="0.000"/>
  <system-out/>
  <testcase classname="com.format.TestFormatter" name="testMarkDownParagraphTagWithEmptyStr" time="0.000"/>
  <system-out/>
  <testcase classname="com.format.TestFormatter" name="testMarkDownHTMLWithInvalidFilePath" time="0.001"/>
  <system-out/>
  <testcase classname="com.format.TestFormatter" name="testMarkDownLinkTagWithEmptyStr" time="0.000"/>
  <system-out/>
</testsuite> <!-- com.format.TestFormatter -->
